#
# A fatal error has been detected by the Java Runtime Environment:
#
#  Internal Error (javaClasses.cpp:124), pid=532, tid=3612
#  fatal error: Invalid layout of preloaded class
#
# JRE version:  (8.0_05-b13) (build )
# Java VM: Java HotSpot(TM) 64-Bit Server VM (25.5-b02 mixed mode windows-amd64 compressed oops)
# Failed to write core dump. Minidumps are not enabled by default on client versions of Windows
#
# If you would like to submit a bug report, please visit:
#   http://bugreport.sun.com/bugreport/crash.jsp
#

---------------  T H R E A D  ---------------

Current thread (0x0000000002820800):  JavaThread "Unknown thread" [_thread_in_vm, id=3612, stack(0x0000000002700000,0x0000000002800000)]

Stack: [0x0000000002700000,0x0000000002800000]
Native frames: (J=compiled Java code, j=interpreted, Vv=VM code, C=native code)
V  [jvm.dll+0x308dea]
V  [jvm.dll+0x25def1]
V  [jvm.dll+0x25eb0f]
V  [jvm.dll+0x256466]
V  [jvm.dll+0x5d33c]
V  [jvm.dll+0x5d433]
V  [jvm.dll+0x71d2a]
V  [jvm.dll+0x72088]
V  [jvm.dll+0xe1607]
V  [jvm.dll+0xe1996]
V  [jvm.dll+0x1f13e7]
V  [jvm.dll+0x2227c4]
V  [jvm.dll+0x149f71]
C  [javaw.exe+0x208a]
C  [javaw.exe+0xc9db]
C  [javaw.exe+0xca6f]
C  [KERNEL32.DLL+0x16ad]
C  [ntdll.dll+0x734a5]


---------------  P R O C E S S  ---------------

Java Threads: ( => current thread )

Other Threads:

=>0x0000000002820800 (exited) JavaThread "Unknown thread" [_thread_in_vm, id=3612, stack(0x0000000002700000,0x0000000002800000)]

VM state:not at safepoint (not fully initialized)

VM Mutex/Monitor currently owned by a thread: None

GC Heap History (0 events):
No events

Deoptimization events (0 events):
No events

Internal exceptions (0 events):
No events

Events (10 events):
Event: 0.014 loading class java/lang/CharSequence done
Event: 0.014 loading class java/lang/String done
Event: 0.014 loading class java/lang/Class
Event: 0.014 loading class java/lang/reflect/AnnotatedElement
Event: 0.014 loading class java/lang/reflect/AnnotatedElement done
Event: 0.014 loading class java/lang/reflect/GenericDeclaration
Event: 0.014 loading class java/lang/reflect/GenericDeclaration done
Event: 0.014 loading class java/lang/reflect/Type
Event: 0.014 loading class java/lang/reflect/Type done
Event: 0.014 loading class java/lang/Class done


Dynamic libraries:
0x00007ff6ecff0000 - 0x00007ff6ed024000 	C:\Program Files\Java\jre8\bin\javaw.exe
0x00007fff73250000 - 0x00007fff733fa000 	C:\Windows\SYSTEM32\ntdll.dll
0x00007fff72e60000 - 0x00007fff72f9a000 	C:\Windows\system32\KERNEL32.DLL
0x00007fff706e0000 - 0x00007fff707ef000 	C:\Windows\system32\KERNELBASE.dll
0x00007fff6f200000 - 0x00007fff6f288000 	C:\Windows\system32\apphelp.dll
0x00007fff644b0000 - 0x00007fff644ff000 	C:\Windows\AppPatch\AppPatch64\AcGenral.DLL
0x00007fff726a0000 - 0x00007fff72747000 	C:\Windows\system32\msvcrt.dll
0x00007fff70470000 - 0x00007fff7049b000 	C:\Windows\SYSTEM32\SspiCli.dll
0x00007fff70e30000 - 0x00007fff70e81000 	C:\Windows\system32\SHLWAPI.dll
0x00007fff72520000 - 0x00007fff72691000 	C:\Windows\system32\USER32.dll
0x00007fff70cb0000 - 0x00007fff70e28000 	C:\Windows\system32\ole32.dll
0x00007fff71100000 - 0x00007fff72520000 	C:\Windows\system32\SHELL32.dll
0x00007fff6fc50000 - 0x00007fff6fc6e000 	C:\Windows\SYSTEM32\USERENV.dll
0x00007fff72fa0000 - 0x00007fff73045000 	C:\Windows\system32\ADVAPI32.dll
0x00007fff62330000 - 0x00007fff6234b000 	C:\Windows\SYSTEM32\MPR.dll
0x00007fff73050000 - 0x00007fff73186000 	C:\Windows\system32\RPCRT4.dll
0x00007fff70ea0000 - 0x00007fff70ef7000 	C:\Windows\SYSTEM32\sechost.dll
0x00007fff72760000 - 0x00007fff72936000 	C:\Windows\SYSTEM32\combase.dll
0x00007fff70f50000 - 0x00007fff71094000 	C:\Windows\system32\GDI32.dll
0x00007fff705c0000 - 0x00007fff705d4000 	C:\Windows\SYSTEM32\profapi.dll
0x00007fff6ec20000 - 0x00007fff6ecbf000 	C:\Windows\SYSTEM32\SHCORE.dll
0x00007fff70f10000 - 0x00007fff70f44000 	C:\Windows\system32\IMM32.DLL
0x00007fff72c80000 - 0x00007fff72db9000 	C:\Windows\system32\MSCTF.dll
0x00007fff6e3b0000 - 0x00007fff6e60a000 	C:\Windows\WinSxS\amd64_microsoft.windows.common-controls_6595b64144ccf1df_6.0.9600.17031_none_6242a4b3ecbb55a1\COMCTL32.dll
0x0000000067040000 - 0x0000000067112000 	C:\Program Files\Java\jre8\bin\msvcr100.dll
0x0000000066810000 - 0x000000006703a000 	C:\Program Files\Java\jre8\bin\server\jvm.dll
0x00007fff6da30000 - 0x00007fff6da39000 	C:\Windows\SYSTEM32\WSOCK32.dll
0x00007fff61f90000 - 0x00007fff61faf000 	C:\Windows\SYSTEM32\WINMM.dll
0x00007fff70e90000 - 0x00007fff70e97000 	C:\Windows\system32\PSAPI.DLL
0x00007fff72c20000 - 0x00007fff72c78000 	C:\Windows\system32\WS2_32.dll
0x00007fff61f60000 - 0x00007fff61f8a000 	C:\Windows\SYSTEM32\WINMMBASE.dll
0x00007fff72750000 - 0x00007fff72759000 	C:\Windows\system32\NSI.dll
0x00007fff707f0000 - 0x00007fff7083a000 	C:\Windows\SYSTEM32\cfgmgr32.dll
0x00007fff6f450000 - 0x00007fff6f476000 	C:\Windows\SYSTEM32\DEVOBJ.dll
0x0000000066800000 - 0x000000006680f000 	C:\Program Files\Java\jre8\bin\verify.dll
0x00000000667d0000 - 0x00000000667f8000 	C:\Program Files\Java\jre8\bin\java.dll
0x00000000667b0000 - 0x00000000667c6000 	C:\Program Files\Java\jre8\bin\zip.dll
0x00007fff61d00000 - 0x00007fff61e88000 	C:\Windows\SYSTEM32\dbghelp.dll

VM Arguments:
jvm_args: -Dfile.encoding=Cp1252 -Xbootclasspath:C:\Users\Chris\Documents\adt-bundle-windows-x86_64-20140321\sdk\platforms\android-19\android.jar 
java_command: com.example.mobilepatientrecord.TestDB
java_class_path (initial): C:\Users\Chris\Dropbox\Dissertation\Mobile\bin\classes;C:\Users\Chris\Dropbox\Dissertation\Mobile\libs\mysql-connector-java-3.1.14-bin.jar
Launcher Type: SUN_STANDARD

Environment Variables:
PATH=C:\Windows\system32;C:\Windows;C:\Windows\System32\Wbem;C:\Windows\System32\WindowsPowerShell\v1.0\;C:\php;C:\Program Files\FileBot\
USERNAME=Chris
OS=Windows_NT
PROCESSOR_IDENTIFIER=Intel64 Family 6 Model 37 Stepping 2, GenuineIntel



---------------  S Y S T E M  ---------------

OS: Windows 8.1 , 64 bit Build 9600 

CPU:total 4 (2 cores per cpu, 2 threads per core) family 6 model 37 stepping 2, cmov, cx8, fxsr, mmx, sse, sse2, sse3, ssse3, sse4.1, sse4.2, popcnt, ht, tsc, tscinvbit

Memory: 4k page, physical 3857208k(1916116k free), swap 4613296k(2576796k free)

vm_info: Java HotSpot(TM) 64-Bit Server VM (25.5-b02) for windows-amd64 JRE (1.8.0_05-b13), built on Mar 18 2014 01:08:39 by "java_re" with MS VC++ 10.0 (VS2010)

time: Mon Jul 14 18:34:18 2014
elapsed time: 0 seconds

